
R version 4.5.0 (2025-04-11) -- "How About a Twenty-Six"
Copyright (C) 2025 The R Foundation for Statistical Computing
Platform: aarch64-apple-darwin20

R is free software and comes with ABSOLUTELY NO WARRANTY.
You are welcome to redistribute it under certain conditions.
Type 'license()' or 'licence()' for distribution details.

  Natural language support but running in an English locale

R is a collaborative project with many contributors.
Type 'contributors()' for more information and
'citation()' on how to cite R or R packages in publications.

Type 'demo()' for some demos, 'help()' for on-line help, or
'help.start()' for an HTML browser interface to help.
Type 'q()' to quit R.

> # ipumsAge.R
> # Marriage and owner-head/spouse rates by age, 2000 vs 2020-2024
> # Tom Davidoff
> # 07/10/26
> 
> library(data.table)
> library(ggplot2)
> 
> df <- fread("~/DropboxExternal/dataRaw/ipums/usa_00056.csv")
> df[,period:=ifelse(YEAR==2000,"2000","2020-2024")]
> 
> print(df[,weighted.mean(OWNERSHP==1,PERWT),by=.(period)])
      period        V1
      <char>     <num>
1:      2000 0.7093832
2: 2020-2024 0.6943891
> 
> pdt <- rbind(df[,.(value=weighted.mean(MARST==1,PERWT),measure="Married"),by=.(AGE,period)],
+              df[,.(value=weighted.mean(RELATE %in% c(1,2) & OWNERSHP==1,PERWT),measure="Own"),by=.(AGE,period)])
> 
> 
> ggplot(pdt[AGE %between% c(25,90)],aes(x=AGE,y=value,color=measure,linetype=period)) +
+   geom_line() +
+   scale_color_manual(values=c("Married"="blue","Own"="red")) +
+   labs(x="Age",y="Fraction",color=NULL,linetype=NULL) +
+   theme_classic()
> ggsave("text/ageMarriageOwnership.png",width=7,height=5)
> 
> 
> proc.time()
   user  system elapsed 
 16.373   7.433  13.261 
